<?xml version="1.0" encoding="UTF-8"?>
<!-- Generated by org.testng.reporters.JUnitReportReporter -->
<testsuite skipped="0" hostname="DESKTOP-06DGQHQ" name="TCS.TC1" tests="1" failures="0" timestamp="21 Oct 2019 15:11:05 GMT" time="10.543" errors="0">
  <testcase name="login" time="10.543" classname="TCS.TC1"/>
</testsuite> <!-- TCS.TC1 -->
