<?xml version="1.0" encoding="UTF-8"?>
<!-- Generated by org.testng.reporters.JUnitReportReporter -->
<testsuite skipped="0" hostname="DESKTOP-06DGQHQ" name="TCS.HomepageTC" tests="2" failures="0" timestamp="21 Oct 2019 15:34:55 GMT" time="17.274" errors="0">
  <testcase name="verifyAddedProductToCart" time="0.243" classname="TCS.HomepageTC"/>
  <testcase name="addTshirtToCart" time="17.031" classname="TCS.HomepageTC"/>
</testsuite> <!-- TCS.HomepageTC -->
