<?xml version="1.0" encoding="UTF-8"?>
<!-- Generated by org.testng.reporters.JUnitReportReporter -->
<testsuite skipped="0" hostname="DESKTOP-06DGQHQ" name="TCS.LoginTC" tests="1" failures="0" timestamp="21 Oct 2019 15:34:55 GMT" time="8.761" errors="0">
  <testcase name="login" time="8.761" classname="TCS.LoginTC"/>
</testsuite> <!-- TCS.LoginTC -->
