<?xml version="1.0" encoding="UTF-8"?>
<!-- Generated by org.testng.reporters.JUnitReportReporter -->
<testsuite hostname="PC4066" name="TCS.HomepageTC" tests="2" failures="0" timestamp="18 Nov 2019 09:40:44 GMT" time="11.530" errors="0">
  <testcase name="addTshirtToCart" time="11.437" classname="TCS.HomepageTC"/>
  <testcase name="verifyAddedProductToCart" time="0.093" classname="TCS.HomepageTC"/>
</testsuite> <!-- TCS.HomepageTC -->
