<?xml version="1.0" encoding="UTF-8"?>
<!-- Generated by org.testng.reporters.JUnitReportReporter -->
<testsuite skipped="0" hostname="DESKTOP-06DGQHQ" name="TCS.T1" tests="2" failures="0" timestamp="19 Oct 2019 13:51:25 GMT" time="0.052" errors="0">
  <testcase name="m2" time="0.006" classname="TCS.T1"/>
  <testcase name="m1" time="0.046" classname="TCS.T1"/>
</testsuite> <!-- TCS.T1 -->
